<?xml version="1.0" encoding="UTF-8"?>
<robot generator="Robot 3.1.1 (Python 3.9.2 on win32)" generated="20210318 12:02:45.238" rpa="false">
<suite id="s1" name="AccountTests" source="C:\Users\Lenovo Legion\eclipse-workspace\AccountTests">
<suite id="s1-s1" name="Test" source="C:\Users\Lenovo Legion\eclipse-workspace\AccountTests\Test">
<suite id="s1-s1-s1" name="TestAccountProject" source="C:\Users\Lenovo Legion\eclipse-workspace\AccountTests\Test\TestAccountProject.robot">
<test id="s1-s1-s1-t1" name="RestPutTest">
<kw name="Create Session" library="RequestsLibrary">
<doc>Create Session: create a HTTP session to a server</doc>
<arguments>
<arg>update_account</arg>
<arg>${Base_URL}</arg>
</arguments>
<msg timestamp="20210318 12:02:45.735" level="INFO">Creating Session using : alias=update_account, url=http://localhost:8080/jakarta-ee-getting-started, headers={},                     cookies={}, auth=None, timeout=None, proxies=None, verify=False,                     debug=0 </msg>
<status status="PASS" starttime="20210318 12:02:45.734" endtime="20210318 12:02:45.735"></status>
</kw>
<kw name="Create Dictionary" library="BuiltIn">
<doc>Creates and returns a dictionary based on the given ``items``.</doc>
<arguments>
<arg>id=4</arg>
<arg>firstName=Masa</arg>
<arg>lastName=Shabib</arg>
<arg>balance=100</arg>
</arguments>
<assign>
<var>&amp;{data}</var>
</assign>
<msg timestamp="20210318 12:02:45.736" level="INFO">&amp;{data} = { id=4 | firstName=Masa | lastName=Shabib | balance=100 }</msg>
<status status="PASS" starttime="20210318 12:02:45.735" endtime="20210318 12:02:45.736"></status>
</kw>
<kw name="Put On Session" library="RequestsLibrary">
<doc>Sends a PUT request on a previously created HTTP Session.</doc>
<arguments>
<arg>update_account</arg>
<arg>rest/accountHolders/${id}</arg>
<arg>json=${data}</arg>
</arguments>
<assign>
<var>${response}</var>
</assign>
<msg timestamp="20210318 12:02:45.773" level="INFO">PUT Request : url=http://localhost:8080/jakarta-ee-getting-started/rest/accountHolders/4 
 path_url=/jakarta-ee-getting-started/rest/accountHolders/4 
 headers={'User-Agent': 'python-requests/2.25.1', 'Accept-Encoding': 'gzip, deflate', 'Accept': '*/*', 'Connection': 'keep-alive', 'Content-Length': '72', 'Content-Type': 'application/json'} 
 body=b'{"id": "4", "firstName": "Masa", "lastName": "Shabib", "balance": "100"}' 
 </msg>
<msg timestamp="20210318 12:02:45.773" level="INFO">PUT Response : url=http://localhost:8080/jakarta-ee-getting-started/rest/accountHolders/4 
 status=201, reason=Created 
 headers={'Server': 'GlassFish Server Open Source Edition  5.1.0 ', 'X-Powered-By': 'Servlet/3.1 JSP/2.3 (GlassFish Server Open Source Edition  5.1.0  Java/Oracle Corporation/1.8)', 'Location': 'http://localhost:8080/jakarta-ee-getting-started/rest/accountHolders/4', 'Content-Length': '0'} 
 body=None 
 </msg>
<msg timestamp="20210318 12:02:45.774" level="INFO">${response} = &lt;Response [201]&gt;</msg>
<status status="PASS" starttime="20210318 12:02:45.736" endtime="20210318 12:02:45.774"></status>
</kw>
<kw name="Status Should Be" library="RequestsLibrary">
<doc>Fails if response status code is different than the expected.</doc>
<arguments>
<arg>201</arg>
<arg>${response}</arg>
</arguments>
<status status="PASS" starttime="20210318 12:02:45.775" endtime="20210318 12:02:45.775"></status>
</kw>
<status status="PASS" starttime="20210318 12:02:45.734" endtime="20210318 12:02:45.776" critical="yes"></status>
</test>
<doc>Simple example using SeleniumLibrary.</doc>
<status status="PASS" starttime="20210318 12:02:45.292" endtime="20210318 12:02:45.776"></status>
</suite>
<status status="PASS" starttime="20210318 12:02:45.290" endtime="20210318 12:02:45.778"></status>
</suite>
<status status="PASS" starttime="20210318 12:02:45.270" endtime="20210318 12:02:45.780"></status>
</suite>
<statistics>
<total>
<stat pass="1" fail="0">Critical Tests</stat>
<stat pass="1" fail="0">All Tests</stat>
</total>
<tag>
</tag>
<suite>
<stat pass="1" fail="0" id="s1" name="AccountTests">AccountTests</stat>
<stat pass="1" fail="0" id="s1-s1" name="Test">AccountTests.Test</stat>
<stat pass="1" fail="0" id="s1-s1-s1" name="TestAccountProject">AccountTests.Test.TestAccountProject</stat>
</suite>
</statistics>
<errors>
</errors>
</robot>
